# JRE version: Java(TM) SE Runtime Environment (8.0_45-b15) (build 1.8.0_45-b15)
# Java VM: Java HotSpot(TM) 64-Bit Server VM (25.45-b02 mixed mode windows-amd64 compressed oops)
Heap:
 PSYoungGen      total 58880K, used 13254K [0x00000000d5b00000, 0x00000000da900000, 0x0000000100000000)
  eden space 55296K, 18% used [0x00000000d5b00000,0x00000000d64d1fc8,0x00000000d9100000)
  from space 3584K, 89% used [0x00000000da580000,0x00000000da89fb10,0x00000000da900000)
  to   space 9728K, 0% used [0x00000000d9600000,0x00000000d9600000,0x00000000d9f80000)
 ParOldGen       total 52736K, used 5566K [0x0000000081000000, 0x0000000084380000, 0x00000000d5b00000)
  object space 52736K, 10% used [0x0000000081000000,0x000000008156f9f0,0x0000000084380000)
 Metaspace       used 23410K, capacity 23640K, committed 23856K, reserved 1071104K
  class space    used 3033K, capacity 3105K, committed 3120K, reserved 1048576K
GC Heap History (10 events):
Event: 1.921 GC heap before
{Heap before GC invocations=3 (full 0):
 PSYoungGen      total 38400K, used 37552K [0x00000000d5b00000, 0x00000000d8580000, 0x0000000100000000)
  eden space 33280K, 100% used [0x00000000d5b00000,0x00000000d7b80000,0x00000000d7b80000)
  from space 5120K, 83% used [0x00000000d8080000,0x00000000d84ac2f0,0x00000000d8580000)
  to   space 5120K, 0% used [0x00000000d7b80000,0x00000000d7b80000,0x00000000d8080000)
 ParOldGen       total 87552K, used 24K [0x0000000081000000, 0x0000000086580000, 0x00000000d5b00000)
  object space 87552K, 0% used [0x0000000081000000,0x0000000081006000,0x0000000086580000)
 Metaspace       used 16494K, capacity 16640K, committed 16896K, reserved 1064960K
  class space    used 2162K, capacity 2207K, committed 2304K, reserved 1048576K
Event: 1.929 GC heap after
Heap after GC invocations=3 (full 0):
 PSYoungGen      total 38400K, used 5115K [0x00000000d5b00000, 0x00000000d8580000, 0x0000000100000000)
  eden space 33280K, 0% used [0x00000000d5b00000,0x00000000d5b00000,0x00000000d7b80000)
  from space 5120K, 99% used [0x00000000d7b80000,0x00000000d807ee78,0x00000000d8080000)
  to   space 5120K, 0% used [0x00000000d8080000,0x00000000d8080000,0x00000000d8580000)
 ParOldGen       total 87552K, used 2884K [0x0000000081000000, 0x0000000086580000, 0x00000000d5b00000)
  object space 87552K, 3% used [0x0000000081000000,0x00000000812d1248,0x0000000086580000)
 Metaspace       used 16494K, capacity 16640K, committed 16896K, reserved 1064960K
  class space    used 2162K, capacity 2207K, committed 2304K, reserved 1048576K
}
Event: 2.573 GC heap before
{Heap before GC invocations=4 (full 0):
 PSYoungGen      total 38400K, used 38395K [0x00000000d5b00000, 0x00000000d8580000, 0x0000000100000000)
  eden space 33280K, 100% used [0x00000000d5b00000,0x00000000d7b80000,0x00000000d7b80000)
  from space 5120K, 99% used [0x00000000d7b80000,0x00000000d807ee78,0x00000000d8080000)
  to   space 5120K, 0% used [0x00000000d8080000,0x00000000d8080000,0x00000000d8580000)
 ParOldGen       total 87552K, used 2884K [0x0000000081000000, 0x0000000086580000, 0x00000000d5b00000)
  object space 87552K, 3% used [0x0000000081000000,0x00000000812d1248,0x0000000086580000)
 Metaspace       used 20790K, capacity 21050K, committed 21296K, reserved 1067008K
  class space    used 2761K, capacity 2844K, committed 2864K, reserved 1048576K
Event: 2.585 GC heap after
Heap after GC invocations=4 (full 0):
 PSYoungGen      total 38400K, used 5096K [0x00000000d5b00000, 0x00000000da600000, 0x0000000100000000)
  eden space 33280K, 0% used [0x00000000d5b00000,0x00000000d5b00000,0x00000000d7b80000)
  from space 5120K, 99% used [0x00000000d8080000,0x00000000d857a268,0x00000000d8580000)
  to   space 5120K, 0% used [0x00000000d7b80000,0x00000000d7b80000,0x00000000d8080000)
 ParOldGen       total 87552K, used 6100K [0x0000000081000000, 0x0000000086580000, 0x00000000d5b00000)
  object space 87552K, 6% used [0x0000000081000000,0x00000000815f50f0,0x0000000086580000)
 Metaspace       used 20790K, capacity 21050K, committed 21296K, reserved 1067008K
  class space    used 2761K, capacity 2844K, committed 2864K, reserved 1048576K
}
Event: 2.638 GC heap before
{Heap before GC invocations=5 (full 0):
 PSYoungGen      total 38400K, used 7805K [0x00000000d5b00000, 0x00000000da600000, 0x0000000100000000)
  eden space 33280K, 8% used [0x00000000d5b00000,0x00000000d5da52e8,0x00000000d7b80000)
  from space 5120K, 99% used [0x00000000d8080000,0x00000000d857a268,0x00000000d8580000)
  to   space 5120K, 0% used [0x00000000d7b80000,0x00000000d7b80000,0x00000000d8080000)
 ParOldGen       total 87552K, used 6100K [0x0000000081000000, 0x0000000086580000, 0x00000000d5b00000)
  object space 87552K, 6% used [0x0000000081000000,0x00000000815f50f0,0x0000000086580000)
 Metaspace       used 20996K, capacity 21178K, committed 21296K, reserved 1067008K
  class space    used 2788K, capacity 2844K, committed 2864K, reserved 1048576K
Event: 2.646 GC heap after
Heap after GC invocations=5 (full 0):
 PSYoungGen      total 38400K, used 5090K [0x00000000d5b00000, 0x00000000daf00000, 0x0000000100000000)
  eden space 33280K, 0% used [0x00000000d5b00000,0x00000000d5b00000,0x00000000d7b80000)
  from space 5120K, 99% used [0x00000000d7b80000,0x00000000d8078aa0,0x00000000d8080000)
  to   space 9728K, 0% used [0x00000000da580000,0x00000000da580000,0x00000000daf00000)
 ParOldGen       total 87552K, used 6332K [0x0000000081000000, 0x0000000086580000, 0x00000000d5b00000)
  object space 87552K, 7% used [0x0000000081000000,0x000000008162f1a0,0x0000000086580000)
 Metaspace       used 20996K, capacity 21178K, committed 21296K, reserved 1067008K
  class space    used 2788K, capacity 2844K, committed 2864K, reserved 1048576K
}
Event: 2.646 GC heap before
{Heap before GC invocations=6 (full 1):
 PSYoungGen      total 38400K, used 5090K [0x00000000d5b00000, 0x00000000daf00000, 0x0000000100000000)
  eden space 33280K, 0% used [0x00000000d5b00000,0x00000000d5b00000,0x00000000d7b80000)
  from space 5120K, 99% used [0x00000000d7b80000,0x00000000d8078aa0,0x00000000d8080000)
  to   space 9728K, 0% used [0x00000000da580000,0x00000000da580000,0x00000000daf00000)
 ParOldGen       total 87552K, used 6332K [0x0000000081000000, 0x0000000086580000, 0x00000000d5b00000)
  object space 87552K, 7% used [0x0000000081000000,0x000000008162f1a0,0x0000000086580000)
 Metaspace       used 20996K, capacity 21178K, committed 21296K, reserved 1067008K
  class space    used 2788K, capacity 2844K, committed 2864K, reserved 1048576K
Event: 2.690 GC heap after
Heap after GC invocations=6 (full 1):
 PSYoungGen      total 38400K, used 0K [0x00000000d5b00000, 0x00000000daf00000, 0x0000000100000000)
  eden space 33280K, 0% used [0x00000000d5b00000,0x00000000d5b00000,0x00000000d7b80000)
  from space 5120K, 0% used [0x00000000d7b80000,0x00000000d7b80000,0x00000000d8080000)
  to   space 9728K, 0% used [0x00000000da580000,0x00000000da580000,0x00000000daf00000)
 ParOldGen       total 52736K, used 5558K [0x0000000081000000, 0x0000000084380000, 0x00000000d5b00000)
  object space 52736K, 10% used [0x0000000081000000,0x000000008156d9f0,0x0000000084380000)
 Metaspace       used 20996K, capacity 21178K, committed 21296K, reserved 1067008K
  class space    used 2788K, capacity 2844K, committed 2864K, reserved 1048576K
}
Event: 3.401 GC heap before
{Heap before GC invocations=7 (full 1):
 PSYoungGen      total 38400K, used 33280K [0x00000000d5b00000, 0x00000000daf00000, 0x0000000100000000)
  eden space 33280K, 100% used [0x00000000d5b00000,0x00000000d7b80000,0x00000000d7b80000)
  from space 5120K, 0% used [0x00000000d7b80000,0x00000000d7b80000,0x00000000d8080000)
  to   space 9728K, 0% used [0x00000000da580000,0x00000000da580000,0x00000000daf00000)
 ParOldGen       total 52736K, used 5558K [0x0000000081000000, 0x0000000084380000, 0x00000000d5b00000)
  object space 52736K, 10% used [0x0000000081000000,0x000000008156d9f0,0x0000000084380000)
 Metaspace       used 23337K, capacity 23634K, committed 23856K, reserved 1071104K
  class space    used 3032K, capacity 3104K, committed 3120K, reserved 1048576K
Event: 3.406 GC heap after
Heap after GC invocations=7 (full 1):
 PSYoungGen      total 58880K, used 3198K [0x00000000d5b00000, 0x00000000da900000, 0x0000000100000000)
  eden space 55296K, 0% used [0x00000000d5b00000,0x00000000d5b00000,0x00000000d9100000)
  from space 3584K, 89% used [0x00000000da580000,0x00000000da89fb10,0x00000000da900000)
  to   space 9728K, 0% used [0x00000000d9600000,0x00000000d9600000,0x00000000d9f80000)
 ParOldGen       total 52736K, used 5566K [0x0000000081000000, 0x0000000084380000, 0x00000000d5b00000)
  object space 52736K, 10% used [0x0000000081000000,0x000000008156f9f0,0x0000000084380000)
 Metaspace       used 23337K, capacity 23634K, committed 23856K, reserved 1071104K
  class space    used 3032K, capacity 3104K, committed 3120K, reserved 1048576K
}

